{"/Users/annajimenez/Projects/PokedexApp/components/Layout.js": {"path":"/Users/annajimenez/Projects/PokedexApp/components/Layout.js","statementMap":{"0":{"start":{"line":4,"column":15},"end":{"line":31,"column":1}},"1":{"start":{"line":5,"column":2},"end":{"line":30,"column":8}}},"fnMap":{"0":{"name":"(anonymous_0)","decl":{"start":{"line":4,"column":15},"end":{"line":4,"column":16}},"loc":{"start":{"line":5,"column":2},"end":{"line":30,"column":8}},"line":5}},"branchMap":{},"s":{"0":2,"1":0},"f":{"0":0},"b":{},"_coverageSchema":"43e27e138ebf9cfc5966b082cf9a028302ed4184","hash":"d6e6668235623d13ae919301473f917fbbc06945"}
,"/Users/annajimenez/Projects/PokedexApp/components/Navbar.js": {"path":"/Users/annajimenez/Projects/PokedexApp/components/Navbar.js","statementMap":{"0":{"start":{"line":4,"column":15},"end":{"line":18,"column":1}},"1":{"start":{"line":5,"column":2},"end":{"line":16,"column":8}}},"fnMap":{"0":{"name":"(anonymous_0)","decl":{"start":{"line":4,"column":15},"end":{"line":4,"column":16}},"loc":{"start":{"line":5,"column":2},"end":{"line":16,"column":8}},"line":5}},"branchMap":{},"s":{"0":2,"1":0},"f":{"0":0},"b":{},"_coverageSchema":"43e27e138ebf9cfc5966b082cf9a028302ed4184","hash":"bf87825ef9f76281d44e431368f47c1c56e27172"}
,"/Users/annajimenez/Projects/PokedexApp/components/Pokemon/Pokemon.js": {"path":"/Users/annajimenez/Projects/PokedexApp/components/Pokemon/Pokemon.js","statementMap":{"0":{"start":{"line":7,"column":8},"end":{"line":7,"column":21}},"1":{"start":{"line":8,"column":8},"end":{"line":15,"column":10}},"2":{"start":{"line":21,"column":24},"end":{"line":21,"column":34}},"3":{"start":{"line":22,"column":8},"end":{"line":22,"column":55}},"4":{"start":{"line":22,"column":24},"end":{"line":22,"column":55}},"5":{"start":{"line":23,"column":23},"end":{"line":23,"column":77}},"6":{"start":{"line":24,"column":23},"end":{"line":24,"column":57}},"7":{"start":{"line":25,"column":8},"end":{"line":25,"column":42}},"8":{"start":{"line":29,"column":43},"end":{"line":29,"column":53}},"9":{"start":{"line":30,"column":42},"end":{"line":30,"column":52}},"10":{"start":{"line":32,"column":8},"end":{"line":36,"column":10}},"11":{"start":{"line":32,"column":34},"end":{"line":36,"column":10}},"12":{"start":{"line":39,"column":8},"end":{"line":87,"column":10}}},"fnMap":{"0":{"name":"(anonymous_0)","decl":{"start":{"line":6,"column":4},"end":{"line":6,"column":5}},"loc":{"start":{"line":6,"column":23},"end":{"line":17,"column":5}},"line":6},"1":{"name":"(anonymous_1)","decl":{"start":{"line":20,"column":4},"end":{"line":20,"column":5}},"loc":{"start":{"line":20,"column":24},"end":{"line":26,"column":5}},"line":20},"2":{"name":"(anonymous_2)","decl":{"start":{"line":28,"column":4},"end":{"line":28,"column":5}},"loc":{"start":{"line":28,"column":13},"end":{"line":88,"column":5}},"line":28}},"branchMap":{"0":{"loc":{"start":{"line":22,"column":8},"end":{"line":22,"column":55}},"type":"if","locations":[{"start":{"line":22,"column":8},"end":{"line":22,"column":55}},{"start":{"line":22,"column":8},"end":{"line":22,"column":55}}],"line":22},"1":{"loc":{"start":{"line":23,"column":23},"end":{"line":23,"column":77}},"type":"cond-expr","locations":[{"start":{"line":23,"column":29},"end":{"line":23,"column":70}},{"start":{"line":23,"column":73},"end":{"line":23,"column":77}}],"line":23},"2":{"loc":{"start":{"line":24,"column":23},"end":{"line":24,"column":57}},"type":"cond-expr","locations":[{"start":{"line":24,"column":32},"end":{"line":24,"column":50}},{"start":{"line":24,"column":53},"end":{"line":24,"column":57}}],"line":24},"3":{"loc":{"start":{"line":32,"column":8},"end":{"line":36,"column":10}},"type":"if","locations":[{"start":{"line":32,"column":8},"end":{"line":36,"column":10}},{"start":{"line":32,"column":8},"end":{"line":36,"column":10}}],"line":32},"4":{"loc":{"start":{"line":32,"column":12},"end":{"line":32,"column":32}},"type":"binary-expr","locations":[{"start":{"line":32,"column":12},"end":{"line":32,"column":23}},{"start":{"line":32,"column":27},"end":{"line":32,"column":32}}],"line":32},"5":{"loc":{"start":{"line":45,"column":29},"end":{"line":45,"column":43}},"type":"binary-expr","locations":[{"start":{"line":45,"column":29},"end":{"line":45,"column":35}},{"start":{"line":45,"column":39},"end":{"line":45,"column":43}}],"line":45}},"s":{"0":1,"1":1,"2":1,"3":1,"4":0,"5":1,"6":1,"7":1,"8":2,"9":2,"10":2,"11":0,"12":2},"f":{"0":1,"1":1,"2":2},"b":{"0":[0,1],"1":[1,0],"2":[1,0],"3":[0,2],"4":[2,2],"5":[2,1]},"_coverageSchema":"43e27e138ebf9cfc5966b082cf9a028302ed4184","hash":"fa3cd94ec0abbe98f198556a1cc4c0ef7fefb493"}
,"/Users/annajimenez/Projects/PokedexApp/components/Pokemon/PokemonList.js": {"path":"/Users/annajimenez/Projects/PokedexApp/components/Pokemon/PokemonList.js","statementMap":{"0":{"start":{"line":6,"column":4},"end":{"line":6,"column":17}},"1":{"start":{"line":7,"column":4},"end":{"line":11,"column":6}},"2":{"start":{"line":14,"column":16},"end":{"line":18,"column":3}},"3":{"start":{"line":15,"column":4},"end":{"line":17,"column":7}},"4":{"start":{"line":21,"column":26},"end":{"line":21,"column":36}},"5":{"start":{"line":22,"column":42},"end":{"line":22,"column":52}},"6":{"start":{"line":23,"column":0},"end":{"line":23,"column":24}},"7":{"start":{"line":24,"column":4},"end":{"line":28,"column":6}},"8":{"start":{"line":24,"column":33},"end":{"line":28,"column":6}},"9":{"start":{"line":31,"column":28},"end":{"line":31,"column":54}},"10":{"start":{"line":32,"column":29},"end":{"line":32,"column":59}},"11":{"start":{"line":33,"column":25},"end":{"line":33,"column":108}},"12":{"start":{"line":35,"column":24},"end":{"line":45,"column":6}},"13":{"start":{"line":36,"column":6},"end":{"line":44,"column":7}},"14":{"start":{"line":49,"column":24},"end":{"line":49,"column":26}},"15":{"start":{"line":50,"column":4},"end":{"line":52,"column":5}},"16":{"start":{"line":50,"column":17},"end":{"line":50,"column":18}},"17":{"start":{"line":51,"column":6},"end":{"line":51,"column":26}},"18":{"start":{"line":54,"column":30},"end":{"line":65,"column":6}},"19":{"start":{"line":55,"column":6},"end":{"line":64,"column":8}},"20":{"start":{"line":67,"column":4},"end":{"line":76,"column":6}}},"fnMap":{"0":{"name":"(anonymous_0)","decl":{"start":{"line":5,"column":2},"end":{"line":5,"column":3}},"loc":{"start":{"line":5,"column":21},"end":{"line":13,"column":3}},"line":5},"1":{"name":"(anonymous_1)","decl":{"start":{"line":14,"column":16},"end":{"line":14,"column":17}},"loc":{"start":{"line":14,"column":27},"end":{"line":18,"column":3}},"line":14},"2":{"name":"(anonymous_2)","decl":{"start":{"line":20,"column":2},"end":{"line":20,"column":3}},"loc":{"start":{"line":20,"column":11},"end":{"line":77,"column":3}},"line":20},"3":{"name":"(anonymous_3)","decl":{"start":{"line":35,"column":41},"end":{"line":35,"column":42}},"loc":{"start":{"line":35,"column":54},"end":{"line":45,"column":5}},"line":35},"4":{"name":"(anonymous_4)","decl":{"start":{"line":54,"column":46},"end":{"line":54,"column":47}},"loc":{"start":{"line":54,"column":56},"end":{"line":65,"column":5}},"line":54}},"branchMap":{"0":{"loc":{"start":{"line":24,"column":4},"end":{"line":28,"column":6}},"type":"if","locations":[{"start":{"line":24,"column":4},"end":{"line":28,"column":6}},{"start":{"line":24,"column":4},"end":{"line":28,"column":6}}],"line":24},"1":{"loc":{"start":{"line":33,"column":25},"end":{"line":33,"column":108}},"type":"binary-expr","locations":[{"start":{"line":33,"column":25},"end":{"line":33,"column":36}},{"start":{"line":33,"column":40},"end":{"line":33,"column":108}}],"line":33}},"s":{"0":1,"1":1,"2":1,"3":0,"4":1,"5":1,"6":1,"7":1,"8":0,"9":1,"10":1,"11":1,"12":1,"13":2,"14":1,"15":1,"16":1,"17":1,"18":1,"19":1,"20":1},"f":{"0":1,"1":0,"2":1,"3":2,"4":1},"b":{"0":[0,1],"1":[1,1]},"_coverageSchema":"43e27e138ebf9cfc5966b082cf9a028302ed4184","hash":"554940eeb1bd5dbd5003c555f66b2c800e1a82bb"}
,"/Users/annajimenez/Projects/PokedexApp/pages/_error.js": {"path":"/Users/annajimenez/Projects/PokedexApp/pages/_error.js","statementMap":{"0":{"start":{"line":5,"column":17},"end":{"line":12,"column":1}},"1":{"start":{"line":6,"column":0},"end":{"line":11,"column":6}}},"fnMap":{"0":{"name":"(anonymous_0)","decl":{"start":{"line":5,"column":17},"end":{"line":5,"column":18}},"loc":{"start":{"line":5,"column":35},"end":{"line":12,"column":1}},"line":5}},"branchMap":{"0":{"loc":{"start":{"line":8,"column":9},"end":{"line":9,"column":32}},"type":"cond-expr","locations":[{"start":{"line":8,"column":22},"end":{"line":8,"column":70}},{"start":{"line":9,"column":11},"end":{"line":9,"column":32}}],"line":8}},"s":{"0":2,"1":0},"f":{"0":0},"b":{"0":[0,0]},"_coverageSchema":"43e27e138ebf9cfc5966b082cf9a028302ed4184","hash":"56066b0909b209847e6e35e7409d26a07b6bdf55"}
,"/Users/annajimenez/Projects/PokedexApp/pages/index.js": {"path":"/Users/annajimenez/Projects/PokedexApp/pages/index.js","statementMap":{"0":{"start":{"line":12,"column":22},"end":{"line":12,"column":26}},"1":{"start":{"line":14,"column":4},"end":{"line":19,"column":5}},"2":{"start":{"line":15,"column":18},"end":{"line":15,"column":68}},"3":{"start":{"line":16,"column":6},"end":{"line":16,"column":29}},"4":{"start":{"line":18,"column":6},"end":{"line":18,"column":25}},"5":{"start":{"line":20,"column":4},"end":{"line":22,"column":6}},"6":{"start":{"line":26,"column":4},"end":{"line":35,"column":5}},"7":{"start":{"line":27,"column":6},"end":{"line":34,"column":11}},"8":{"start":{"line":30,"column":10},"end":{"line":30,"column":78}},"9":{"start":{"line":33,"column":10},"end":{"line":33,"column":74}},"10":{"start":{"line":39,"column":28},"end":{"line":39,"column":38}},"11":{"start":{"line":40,"column":4},"end":{"line":42,"column":5}},"12":{"start":{"line":41,"column":6},"end":{"line":41,"column":39}},"13":{"start":{"line":44,"column":4},"end":{"line":51,"column":5}}},"fnMap":{"0":{"name":"(anonymous_0)","decl":{"start":{"line":11,"column":2},"end":{"line":11,"column":3}},"loc":{"start":{"line":11,"column":52},"end":{"line":23,"column":3}},"line":11},"1":{"name":"(anonymous_1)","decl":{"start":{"line":25,"column":2},"end":{"line":25,"column":3}},"loc":{"start":{"line":25,"column":22},"end":{"line":36,"column":3}},"line":25},"2":{"name":"(anonymous_2)","decl":{"start":{"line":29,"column":14},"end":{"line":29,"column":15}},"loc":{"start":{"line":29,"column":30},"end":{"line":31,"column":9}},"line":29},"3":{"name":"(anonymous_3)","decl":{"start":{"line":32,"column":15},"end":{"line":32,"column":16}},"loc":{"start":{"line":32,"column":22},"end":{"line":34,"column":9}},"line":32},"4":{"name":"(anonymous_4)","decl":{"start":{"line":38,"column":2},"end":{"line":38,"column":3}},"loc":{"start":{"line":38,"column":11},"end":{"line":52,"column":3}},"line":38}},"branchMap":{"0":{"loc":{"start":{"line":26,"column":4},"end":{"line":35,"column":5}},"type":"if","locations":[{"start":{"line":26,"column":4},"end":{"line":35,"column":5}},{"start":{"line":26,"column":4},"end":{"line":35,"column":5}}],"line":26},"1":{"loc":{"start":{"line":40,"column":4},"end":{"line":42,"column":5}},"type":"if","locations":[{"start":{"line":40,"column":4},"end":{"line":42,"column":5}},{"start":{"line":40,"column":4},"end":{"line":42,"column":5}}],"line":40}},"s":{"0":2,"1":2,"2":2,"3":2,"4":0,"5":2,"6":3,"7":0,"8":0,"9":0,"10":3,"11":3,"12":1,"13":2},"f":{"0":2,"1":3,"2":0,"3":0,"4":3},"b":{"0":[0,3],"1":[1,2]},"_coverageSchema":"43e27e138ebf9cfc5966b082cf9a028302ed4184","hash":"03806a356b0cfda19cf83ecf5b79bb2452b8e52d"}
,"/Users/annajimenez/Projects/PokedexApp/utils/pokeImage.js": {"path":"/Users/annajimenez/Projects/PokedexApp/utils/pokeImage.js","statementMap":{"0":{"start":{"line":1,"column":26},"end":{"line":3,"column":1}},"1":{"start":{"line":2,"column":4},"end":{"line":2,"column":39}},"2":{"start":{"line":5,"column":29},"end":{"line":8,"column":1}},"3":{"start":{"line":6,"column":15},"end":{"line":6,"column":56}},"4":{"start":{"line":7,"column":4},"end":{"line":7,"column":39}}},"fnMap":{"0":{"name":"(anonymous_0)","decl":{"start":{"line":1,"column":26},"end":{"line":1,"column":27}},"loc":{"start":{"line":1,"column":34},"end":{"line":3,"column":1}},"line":1},"1":{"name":"(anonymous_1)","decl":{"start":{"line":5,"column":29},"end":{"line":5,"column":30}},"loc":{"start":{"line":5,"column":38},"end":{"line":8,"column":1}},"line":5}},"branchMap":{},"s":{"0":3,"1":1,"2":3,"3":0,"4":0},"f":{"0":1,"1":0},"b":{},"_coverageSchema":"43e27e138ebf9cfc5966b082cf9a028302ed4184","hash":"7e828e4d3ba7b78c02fdbb515f521eebb497d25d"}
}
