TN:
SF:/Users/annajimenez/Projects/PokedexApp/components/Layout.js
FN:4,(anonymous_0)
FNF:1
FNH:0
FNDA:0,(anonymous_0)
DA:4,2
DA:5,0
LF:2
LH:1
BRF:0
BRH:0
end_of_record
TN:
SF:/Users/annajimenez/Projects/PokedexApp/components/Navbar.js
FN:4,(anonymous_0)
FNF:1
FNH:0
FNDA:0,(anonymous_0)
DA:4,2
DA:5,0
LF:2
LH:1
BRF:0
BRH:0
end_of_record
TN:
SF:/Users/annajimenez/Projects/PokedexApp/components/Pokemon/Pokemon.js
FN:6,(anonymous_0)
FN:20,(anonymous_1)
FN:28,(anonymous_2)
FNF:3
FNH:3
FNDA:1,(anonymous_0)
FNDA:1,(anonymous_1)
FNDA:2,(anonymous_2)
DA:7,1
DA:8,1
DA:21,1
DA:22,1
DA:23,1
DA:24,1
DA:25,1
DA:29,2
DA:30,2
DA:32,2
DA:39,2
LF:11
LH:11
BRDA:22,0,0,0
BRDA:22,0,1,1
BRDA:23,1,0,1
BRDA:23,1,1,0
BRDA:24,2,0,1
BRDA:24,2,1,0
BRDA:32,3,0,0
BRDA:32,3,1,2
BRDA:32,4,0,2
BRDA:32,4,1,2
BRDA:45,5,0,2
BRDA:45,5,1,1
BRF:12
BRH:8
end_of_record
TN:
SF:/Users/annajimenez/Projects/PokedexApp/components/Pokemon/PokemonList.js
FN:5,(anonymous_0)
FN:14,(anonymous_1)
FN:20,(anonymous_2)
FN:35,(anonymous_3)
FN:54,(anonymous_4)
FNF:5
FNH:4
FNDA:1,(anonymous_0)
FNDA:0,(anonymous_1)
FNDA:1,(anonymous_2)
FNDA:2,(anonymous_3)
FNDA:1,(anonymous_4)
DA:6,1
DA:7,1
DA:14,1
DA:15,0
DA:21,1
DA:22,1
DA:23,1
DA:24,1
DA:31,1
DA:32,1
DA:33,1
DA:35,1
DA:36,2
DA:49,1
DA:50,1
DA:51,1
DA:54,1
DA:55,1
DA:67,1
LF:19
LH:18
BRDA:24,0,0,0
BRDA:24,0,1,1
BRDA:33,1,0,1
BRDA:33,1,1,1
BRF:4
BRH:3
end_of_record
TN:
SF:/Users/annajimenez/Projects/PokedexApp/pages/_error.js
FN:5,(anonymous_0)
FNF:1
FNH:0
FNDA:0,(anonymous_0)
DA:5,2
DA:6,0
LF:2
LH:1
BRDA:8,0,0,0
BRDA:8,0,1,0
BRF:2
BRH:0
end_of_record
TN:
SF:/Users/annajimenez/Projects/PokedexApp/pages/index.js
FN:11,(anonymous_0)
FN:25,(anonymous_1)
FN:29,(anonymous_2)
FN:32,(anonymous_3)
FN:38,(anonymous_4)
FNF:5
FNH:3
FNDA:2,(anonymous_0)
FNDA:3,(anonymous_1)
FNDA:0,(anonymous_2)
FNDA:0,(anonymous_3)
FNDA:3,(anonymous_4)
DA:12,2
DA:14,2
DA:15,2
DA:16,2
DA:18,0
DA:20,2
DA:26,3
DA:27,0
DA:30,0
DA:33,0
DA:39,3
DA:40,3
DA:41,1
DA:44,2
LF:14
LH:10
BRDA:26,0,0,0
BRDA:26,0,1,3
BRDA:40,1,0,1
BRDA:40,1,1,2
BRF:4
BRH:3
end_of_record
TN:
SF:/Users/annajimenez/Projects/PokedexApp/utils/pokeImage.js
FN:1,(anonymous_0)
FN:5,(anonymous_1)
FNF:2
FNH:1
FNDA:1,(anonymous_0)
FNDA:0,(anonymous_1)
DA:1,3
DA:2,1
DA:5,3
DA:6,0
DA:7,0
LF:5
LH:3
BRF:0
BRH:0
end_of_record
